<?xml version="1.0" encoding="UTF-8"?>
<!-- Generated by org.testng.reporters.JUnitReportReporter -->
<testsuite hostname="DESKTOP-H9JGRTT" failures="0" tests="2" name="com.cjc.dws.webApp.tests.BookPageTest" time="32.540" errors="0" timestamp="2022-11-10T16:20:07 IST" skipped="0">
  <testcase classname="com.cjc.dws.webApp.tests.BookPageTest" name="addTheBook" time="14.990"/>
  <system-out/>
  <testcase classname="com.cjc.dws.webApp.tests.BookPageTest" name="booksLogoDisplayed" time="17.550"/>
  <system-out/>
</testsuite> <!-- com.cjc.dws.webApp.tests.BookPageTest -->
