<?xml version="1.0" encoding="UTF-8"?>
<!-- Generated by org.testng.reporters.JUnitReportReporter -->
<testsuite hostname="DESKTOP-H9JGRTT" failures="0" tests="1" name="com.cjc.dws.webApp.tests.UserHomePageTest" time="22.244" errors="0" timestamp="2022-11-10T16:20:07 IST" skipped="0">
  <testcase classname="com.cjc.dws.webApp.tests.UserHomePageTest" name="checkDesiredUserLoggedIn" time="22.244"/>
  <system-out/>
</testsuite> <!-- com.cjc.dws.webApp.tests.UserHomePageTest -->
